INFO:root:mecab ready
INFO:root:mongoDB ready: tweet2014
INFO:root:##### insert 2014-01/hk
INFO:root:	inserted 297772 lines.
INFO:root:	inserted 327728 lines.
INFO:root:	inserted 474378 lines.
INFO:root:	inserted 316505 lines.
INFO:root:	inserted 364090 lines.
INFO:root:	inserted 284254 lines.
INFO:root:	inserted 299468 lines.
INFO:root:	inserted 356812 lines.
INFO:root:	inserted 359719 lines.
INFO:root:	inserted 359075 lines.
INFO:root:	inserted 327272 lines.
INFO:root:	inserted 283617 lines.
INFO:root:	inserted 293534 lines.
INFO:root:	inserted 294891 lines.
INFO:root:	inserted 296893 lines.
INFO:root:	inserted 295348 lines.
INFO:root:	inserted 328638 lines.
INFO:root:	inserted 294794 lines.
INFO:root:	inserted 298928 lines.
INFO:root:	inserted 350632 lines.
INFO:root:	inserted 310098 lines.
INFO:root:	inserted 296476 lines.
INFO:root:	inserted 298336 lines.
INFO:root:	inserted 352896 lines.
INFO:root:	inserted 333016 lines.
INFO:root:	inserted 289448 lines.
INFO:root:	inserted 302091 lines.
INFO:root:	inserted 351160 lines.
INFO:root:	inserted 290722 lines.
INFO:root:	inserted 310306 lines.
INFO:root:	inserted 352375 lines.
INFO:root:##### insert 2014-02/hk
INFO:root:	inserted 291649 lines.
INFO:root:	inserted 297594 lines.
INFO:root:	inserted 308116 lines.
INFO:root:	inserted 308851 lines.
INFO:root:	inserted 308029 lines.
INFO:root:	inserted 334097 lines.
INFO:root:	inserted 296358 lines.
INFO:root:	inserted 318183 lines.
INFO:root:	inserted 324995 lines.
INFO:root:	inserted 396960 lines.
INFO:root:	inserted 303748 lines.
INFO:root:	inserted 330833 lines.
INFO:root:	inserted 387294 lines.
INFO:root:	inserted 402580 lines.
INFO:root:	inserted 345408 lines.
INFO:root:	inserted 297487 lines.
INFO:root:	inserted 329107 lines.
INFO:root:	inserted 378103 lines.
INFO:root:	inserted 354092 lines.
INFO:root:	inserted 298386 lines.
INFO:root:	inserted 329363 lines.
INFO:root:	inserted 349678 lines.
INFO:root:	inserted 297615 lines.
INFO:root:	inserted 299527 lines.
INFO:root:	inserted 329778 lines.
INFO:root:	inserted 303822 lines.
INFO:root:	inserted 317668 lines.
INFO:root:	inserted 360160 lines.
INFO:root:##### insert 2014-03/hk
INFO:root:	inserted 400240 lines.
INFO:root:	inserted 373398 lines.
INFO:root:	inserted 349069 lines.
INFO:root:	inserted 364288 lines.
INFO:root:	inserted 344388 lines.
INFO:root:	inserted 417078 lines.
INFO:root:	inserted 358042 lines.
INFO:root:	inserted 377617 lines.
INFO:root:	inserted 314331 lines.
INFO:root:	inserted 344507 lines.
INFO:root:	inserted 345880 lines.
INFO:root:	inserted 337306 lines.
INFO:root:	inserted 370818 lines.
INFO:root:	inserted 331706 lines.
INFO:root:	inserted 338986 lines.
INFO:root:	inserted 417123 lines.
INFO:root:	inserted 354685 lines.
INFO:root:	inserted 243467 lines.
INFO:root:	inserted 333468 lines.
INFO:root:	inserted 380076 lines.
INFO:root:	inserted 319546 lines.
WARNING:root:Unterminated string starting at: line 1 column 12 (char 11)
WARNING:root:{"source": "<a href=\"http:
INFO:root:	inserted 271380 lines.
INFO:root:	inserted 325170 lines.
INFO:root:	inserted 366967 lines.
INFO:root:	inserted 346875 lines.
INFO:root:	inserted 311975 lines.
INFO:root:	inserted 413169 lines.
INFO:root:	inserted 391386 lines.
INFO:root:	inserted 55791 lines.
INFO:root:	inserted 394663 lines.
INFO:root:	inserted 370241 lines.
INFO:root:##### insert 2014-04/hk
INFO:root:	inserted 363698 lines.
INFO:root:	inserted 402821 lines.
INFO:root:	inserted 229784 lines.
INFO:root:	inserted 383626 lines.
INFO:root:	inserted 196668 lines.
INFO:root:	inserted 294479 lines.
INFO:root:	inserted 348797 lines.
INFO:root:	inserted 266011 lines.
INFO:root:	inserted 291279 lines.
INFO:root:	inserted 243716 lines.
INFO:root:	inserted 271997 lines.
INFO:root:	inserted 399770 lines.
INFO:root:	inserted 369360 lines.
INFO:root:	inserted 31840 lines.
INFO:root:	inserted 322400 lines.
INFO:root:	inserted 254736 lines.
INFO:root:	inserted 278520 lines.
INFO:root:	inserted 272253 lines.
INFO:root:	inserted 339797 lines.
INFO:root:	inserted 324325 lines.
INFO:root:	inserted 239276 lines.
INFO:root:	inserted 365351 lines.
INFO:root:	inserted 320887 lines.
INFO:root:	inserted 261166 lines.
INFO:root:	inserted 282260 lines.
INFO:root:	inserted 182753 lines.
INFO:root:	inserted 359424 lines.
INFO:root:	inserted 98164 lines.
INFO:root:	inserted 372634 lines.
INFO:root:	inserted 426886 lines.
INFO:root:##### insert 2014-05/hk
INFO:root:	inserted 167673 lines.
INFO:root:	inserted 249794 lines.
INFO:root:	inserted 363263 lines.
INFO:root:	inserted 319564 lines.
INFO:root:	inserted 227845 lines.
INFO:root:	inserted 368582 lines.
INFO:root:	inserted 198138 lines.
INFO:root:	inserted 318072 lines.
INFO:root:	inserted 368015 lines.
INFO:root:	inserted 203700 lines.
INFO:root:	inserted 256544 lines.
INFO:root:	inserted 199030 lines.
INFO:root:	inserted 299526 lines.
INFO:root:	inserted 305367 lines.
INFO:root:	inserted 289932 lines.
INFO:root:	inserted 253838 lines.
INFO:root:	inserted 206006 lines.
INFO:root:	inserted 265624 lines.
INFO:root:	inserted 192612 lines.
INFO:root:	inserted 220581 lines.
INFO:root:	inserted 187354 lines.
INFO:root:	inserted 182346 lines.
INFO:root:	inserted 202029 lines.
INFO:root:	inserted 229167 lines.
INFO:root:	inserted 219514 lines.
INFO:root:	inserted 232736 lines.
INFO:root:	inserted 295544 lines.
INFO:root:	inserted 304471 lines.
INFO:root:	inserted 219487 lines.
INFO:root:	inserted 223555 lines.
INFO:root:	inserted 276051 lines.
INFO:root:##### insert 2014-06/hk
INFO:root:	inserted 215243 lines.
INFO:root:	inserted 320710 lines.
INFO:root:	inserted 272945 lines.
INFO:root:	inserted 296329 lines.
INFO:root:	inserted 255118 lines.
INFO:root:	inserted 282793 lines.
INFO:root:	inserted 256448 lines.
INFO:root:	inserted 238163 lines.
INFO:root:	inserted 317763 lines.
INFO:root:	inserted 342717 lines.
INFO:root:	inserted 282970 lines.
INFO:root:	inserted 291261 lines.
INFO:root:	inserted 232280 lines.
INFO:root:	inserted 299790 lines.
INFO:root:	inserted 311005 lines.
INFO:root:	inserted 311189 lines.
INFO:root:	inserted 322418 lines.
INFO:root:	inserted 254284 lines.
INFO:root:	inserted 249893 lines.
INFO:root:	inserted 330223 lines.
INFO:root:	inserted 313528 lines.
INFO:root:	inserted 281141 lines.
INFO:root:	inserted 223957 lines.
INFO:root:	inserted 276788 lines.
INFO:root:	inserted 346769 lines.
INFO:root:	inserted 189729 lines.
INFO:root:	inserted 285527 lines.
INFO:root:	inserted 278783 lines.
INFO:root:	inserted 269825 lines.
INFO:root:	inserted 241384 lines.
INFO:root:##### insert 2014-07/hk
INFO:root:	inserted 450084 lines.
INFO:root:	inserted 396909 lines.
INFO:root:	inserted 403888 lines.
INFO:root:	inserted 292967 lines.
INFO:root:	inserted 400385 lines.
INFO:root:	inserted 102370 lines.
INFO:root:	inserted 377264 lines.
INFO:root:	inserted 393626 lines.
INFO:root:	inserted 400933 lines.
INFO:root:	inserted 459109 lines.
INFO:root:	inserted 438839 lines.
INFO:root:	inserted 396180 lines.
INFO:root:	inserted 110769 lines.
INFO:root:	inserted 234288 lines.
INFO:root:	inserted 363509 lines.
INFO:root:	inserted 409388 lines.
INFO:root:	inserted 255024 lines.
INFO:root:	inserted 422961 lines.
INFO:root:	inserted 105294 lines.
INFO:root:	inserted 423999 lines.
INFO:root:	inserted 187514 lines.
INFO:root:	inserted 377969 lines.
INFO:root:	inserted 247621 lines.
INFO:root:	inserted 132067 lines.
INFO:root:	inserted 296811 lines.
INFO:root:	inserted 177448 lines.
INFO:root:	inserted 202170 lines.
INFO:root:	inserted 391165 lines.
INFO:root:	inserted 437131 lines.
INFO:root:	inserted 386690 lines.
INFO:root:	inserted 302419 lines.
INFO:root:##### insert 2014-08/hk
INFO:root:	inserted 418234 lines.
INFO:root:	inserted 402054 lines.
INFO:root:	inserted 370831 lines.
INFO:root:	inserted 406289 lines.
INFO:root:	inserted 450756 lines.
INFO:root:	inserted 436068 lines.
INFO:root:	inserted 374003 lines.
INFO:root:	inserted 500984 lines.
INFO:root:	inserted 378477 lines.
INFO:root:	inserted 414184 lines.
INFO:root:	inserted 476312 lines.
INFO:root:	inserted 456698 lines.
INFO:root:	inserted 389695 lines.
INFO:root:	inserted 428396 lines.
INFO:root:	inserted 434330 lines.
INFO:root:	inserted 466706 lines.
INFO:root:	inserted 448696 lines.
INFO:root:	inserted 410526 lines.
INFO:root:	inserted 398204 lines.
INFO:root:	inserted 446388 lines.
INFO:root:	inserted 460081 lines.
INFO:root:	inserted 414149 lines.
INFO:root:	inserted 428721 lines.
INFO:root:	inserted 387727 lines.
INFO:root:	inserted 458684 lines.
INFO:root:	inserted 455405 lines.
INFO:root:	inserted 415850 lines.
INFO:root:	inserted 433726 lines.
INFO:root:	inserted 406505 lines.
INFO:root:	inserted 464491 lines.
INFO:root:	inserted 472248 lines.
INFO:root:##### insert 2014-09/hk
INFO:root:	inserted 349494 lines.
INFO:root:	inserted 332300 lines.
INFO:root:	inserted 356729 lines.
INFO:root:	inserted 366785 lines.
INFO:root:	inserted 421114 lines.
INFO:root:	inserted 385094 lines.
INFO:root:	inserted 318298 lines.
INFO:root:	inserted 345856 lines.
INFO:root:	inserted 364172 lines.
INFO:root:	inserted 410993 lines.
INFO:root:	inserted 348209 lines.
INFO:root:	inserted 342945 lines.
INFO:root:	inserted 325064 lines.
INFO:root:	inserted 402498 lines.
INFO:root:	inserted 357072 lines.
INFO:root:	inserted 314170 lines.
INFO:root:	inserted 314964 lines.
INFO:root:	inserted 372284 lines.
INFO:root:	inserted 290720 lines.
INFO:root:	inserted 350986 lines.
INFO:root:	inserted 372139 lines.
INFO:root:	inserted 311625 lines.
INFO:root:	inserted 375786 lines.
INFO:root:	inserted 322464 lines.
INFO:root:	inserted 354829 lines.
INFO:root:	inserted 420214 lines.
INFO:root:	inserted 366840 lines.
INFO:root:	inserted 343216 lines.
INFO:root:	inserted 367081 lines.
INFO:root:	inserted 426364 lines.
INFO:root:##### insert 2014-10/hk
INFO:root:	inserted 350666 lines.
INFO:root:	inserted 270179 lines.
INFO:root:	inserted 276885 lines.
INFO:root:	inserted 296413 lines.
INFO:root:	inserted 309532 lines.
INFO:root:	inserted 299909 lines.
INFO:root:	inserted 316115 lines.
INFO:root:	inserted 283495 lines.
INFO:root:	inserted 330551 lines.
INFO:root:	inserted 312844 lines.
INFO:root:	inserted 273384 lines.
INFO:root:	inserted 346656 lines.
INFO:root:	inserted 276427 lines.
INFO:root:	inserted 339065 lines.
INFO:root:	inserted 279032 lines.
INFO:root:	inserted 304252 lines.
INFO:root:	inserted 315579 lines.
INFO:root:	inserted 430759 lines.
INFO:root:	inserted 344268 lines.
INFO:root:	inserted 269582 lines.
INFO:root:	inserted 355481 lines.
INFO:root:	inserted 392728 lines.
INFO:root:	inserted 295786 lines.
INFO:root:	inserted 304950 lines.
INFO:root:	inserted 406841 lines.
INFO:root:	inserted 284824 lines.
INFO:root:	inserted 307442 lines.
INFO:root:	inserted 396341 lines.
INFO:root:	inserted 280056 lines.
INFO:root:	inserted 290595 lines.
INFO:root:	inserted 378397 lines.
INFO:root:##### insert 2014-11/hk
INFO:root:	inserted 330969 lines.
INFO:root:	inserted 326075 lines.
INFO:root:	inserted 264274 lines.
INFO:root:	inserted 275003 lines.
INFO:root:	inserted 347325 lines.
INFO:root:	inserted 335686 lines.
INFO:root:	inserted 281757 lines.
INFO:root:	inserted 265287 lines.
INFO:root:	inserted 366170 lines.
INFO:root:	inserted 254920 lines.
INFO:root:	inserted 257629 lines.
INFO:root:	inserted 268793 lines.
INFO:root:	inserted 282291 lines.
INFO:root:	inserted 274639 lines.
INFO:root:	inserted 316935 lines.
INFO:root:	inserted 355012 lines.
INFO:root:	inserted 338052 lines.
INFO:root:	inserted 284147 lines.
INFO:root:	inserted 296359 lines.
INFO:root:	inserted 319507 lines.
INFO:root:	inserted 277424 lines.
INFO:root:	inserted 340812 lines.
INFO:root:	inserted 274904 lines.
INFO:root:	inserted 295283 lines.
INFO:root:	inserted 261019 lines.
INFO:root:	inserted 379202 lines.
INFO:root:	inserted 288019 lines.
INFO:root:	inserted 271162 lines.
INFO:root:	inserted 355100 lines.
INFO:root:	inserted 316703 lines.
INFO:root:##### insert 2014-12/hk
INFO:root:	inserted 302025 lines.
INFO:root:	inserted 605556 lines.
INFO:root:	inserted 407091 lines.
INFO:root:	inserted 312344 lines.
INFO:root:	inserted 368276 lines.
INFO:root:	inserted 314630 lines.
INFO:root:	inserted 312196 lines.
INFO:root:	inserted 338328 lines.
INFO:root:	inserted 465805 lines.
INFO:root:	inserted 411516 lines.
WARNING:root:Expecting ',' delimiter: line 1 column 578 (char 577)
WARNING:root:{"retweeted": false, "source": "<a href=\"http://twitter.com/download/iphone\" rel=\"nofollow\">Twitter for iPhone</a>", "favorited": false, "coordinates": {"coordinates": [136.223194, 35.226654], "type": "Point"}, "place": {"country": "日本", "place_type": "city", "country_code": "JP", "name": "彦根市", "full_name": "彦根市, 滋賀県", "url": "https://api.twitter.com/1.1/geo/id/decadb73e723bb83.json", "id": "decadb73e723bb83", "attributes": {}, "bounding_box": {"coordinates": [[[136.115770997529, 35.1866610003461], [136.115770997529, 35.2970380000419], [136.354039994032, 35.29703800
INFO:root:	inserted 350832 lines.
INFO:root:	inserted 329743 lines.
INFO:root:	inserted 423640 lines.
INFO:root:	inserted 319493 lines.
INFO:root:	inserted 413790 lines.
INFO:root:	inserted 441866 lines.
INFO:root:	inserted 399845 lines.
INFO:root:	inserted 392305 lines.
INFO:root:	inserted 320832 lines.
INFO:root:	inserted 417007 lines.
INFO:root:	inserted 394988 lines.
INFO:root:	inserted 323356 lines.
INFO:root:	inserted 443533 lines.
INFO:root:	inserted 425099 lines.
INFO:root:	inserted 345556 lines.
INFO:root:	inserted 380628 lines.
INFO:root:	inserted 331952 lines.
INFO:root:	inserted 310575 lines.
INFO:root:	inserted 376368 lines.
INFO:root:	inserted 335960 lines.
INFO:root:	inserted 361674 lines.
INFO:root:##### insert 2014-01/is
INFO:root:	inserted 297772 lines.
INFO:root:	inserted 327728 lines.
INFO:root:	inserted 474378 lines.
INFO:root:	inserted 316505 lines.
INFO:root:	inserted 364090 lines.
INFO:root:	inserted 284254 lines.
INFO:root:	inserted 299468 lines.
INFO:root:	inserted 356812 lines.
INFO:root:	inserted 359719 lines.
INFO:root:	inserted 359075 lines.
INFO:root:	inserted 327272 lines.
INFO:root:	inserted 283617 lines.
INFO:root:	inserted 293534 lines.
INFO:root:	inserted 294891 lines.
INFO:root:	inserted 296893 lines.
INFO:root:	inserted 295348 lines.
INFO:root:	inserted 328638 lines.
INFO:root:	inserted 294794 lines.
INFO:root:	inserted 298928 lines.
INFO:root:	inserted 350632 lines.
INFO:root:	inserted 310098 lines.
INFO:root:	inserted 296476 lines.
INFO:root:	inserted 298336 lines.
INFO:root:	inserted 352896 lines.
INFO:root:	inserted 333016 lines.
INFO:root:	inserted 289448 lines.
INFO:root:	inserted 302091 lines.
INFO:root:	inserted 351160 lines.
INFO:root:	inserted 290722 lines.
INFO:root:	inserted 310306 lines.
INFO:root:	inserted 352375 lines.
INFO:root:##### insert 2014-02/is
INFO:root:	inserted 291649 lines.
INFO:root:	inserted 297594 lines.
INFO:root:	inserted 308116 lines.
INFO:root:	inserted 308851 lines.
INFO:root:	inserted 308029 lines.
INFO:root:	inserted 334097 lines.
INFO:root:	inserted 296358 lines.
INFO:root:	inserted 318183 lines.
INFO:root:	inserted 324995 lines.
INFO:root:	inserted 396960 lines.
INFO:root:	inserted 303748 lines.
INFO:root:	inserted 330833 lines.
INFO:root:	inserted 387294 lines.
INFO:root:	inserted 402580 lines.
INFO:root:	inserted 345408 lines.
INFO:root:	inserted 297487 lines.
INFO:root:	inserted 329107 lines.
INFO:root:	inserted 378103 lines.
INFO:root:	inserted 354092 lines.
INFO:root:	inserted 298386 lines.
INFO:root:	inserted 329363 lines.
INFO:root:	inserted 349678 lines.
INFO:root:	inserted 297615 lines.
INFO:root:	inserted 299527 lines.
INFO:root:	inserted 329778 lines.
INFO:root:	inserted 303822 lines.
INFO:root:	inserted 317668 lines.
INFO:root:	inserted 360160 lines.
INFO:root:##### insert 2014-03/is
INFO:root:	inserted 400240 lines.
INFO:root:	inserted 373398 lines.
INFO:root:	inserted 349069 lines.
INFO:root:	inserted 364288 lines.
INFO:root:	inserted 344388 lines.
INFO:root:	inserted 417078 lines.
INFO:root:	inserted 358042 lines.
INFO:root:	inserted 377617 lines.
INFO:root:	inserted 314331 lines.
INFO:root:	inserted 344507 lines.
INFO:root:	inserted 345880 lines.
INFO:root:	inserted 337306 lines.
INFO:root:	inserted 370818 lines.
INFO:root:	inserted 331706 lines.
INFO:root:	inserted 338986 lines.
INFO:root:	inserted 417123 lines.
INFO:root:	inserted 354685 lines.
INFO:root:	inserted 243467 lines.
INFO:root:	inserted 333468 lines.
INFO:root:	inserted 380076 lines.
INFO:root:	inserted 319546 lines.
WARNING:root:Unterminated string starting at: line 1 column 12 (char 11)
WARNING:root:{"source": "<a href=\"http:
INFO:root:	inserted 271380 lines.
INFO:root:	inserted 325170 lines.
INFO:root:	inserted 366967 lines.
INFO:root:	inserted 346875 lines.
INFO:root:	inserted 311975 lines.
INFO:root:	inserted 413169 lines.
INFO:root:	inserted 391386 lines.
INFO:root:	inserted 55791 lines.
INFO:root:	inserted 394663 lines.
INFO:root:	inserted 370241 lines.
INFO:root:##### insert 2014-04/is
INFO:root:	inserted 363698 lines.
INFO:root:	inserted 402821 lines.
INFO:root:	inserted 229784 lines.
INFO:root:	inserted 383626 lines.
INFO:root:	inserted 196668 lines.
INFO:root:	inserted 294479 lines.
INFO:root:	inserted 348797 lines.
INFO:root:	inserted 266011 lines.
INFO:root:	inserted 291279 lines.
INFO:root:	inserted 243716 lines.
INFO:root:	inserted 271997 lines.
INFO:root:	inserted 399770 lines.
INFO:root:	inserted 369360 lines.
INFO:root:	inserted 31840 lines.
INFO:root:	inserted 322400 lines.
INFO:root:	inserted 254736 lines.
INFO:root:	inserted 278520 lines.
INFO:root:	inserted 272253 lines.
INFO:root:	inserted 339797 lines.
INFO:root:	inserted 324325 lines.
INFO:root:	inserted 239276 lines.
INFO:root:	inserted 365351 lines.
INFO:root:	inserted 320887 lines.
INFO:root:	inserted 261166 lines.
INFO:root:	inserted 282260 lines.
INFO:root:	inserted 182753 lines.
INFO:root:	inserted 359424 lines.
INFO:root:	inserted 98164 lines.
INFO:root:	inserted 372634 lines.
INFO:root:	inserted 426886 lines.
INFO:root:##### insert 2014-05/is
INFO:root:	inserted 167673 lines.
INFO:root:	inserted 249794 lines.
INFO:root:	inserted 363263 lines.
INFO:root:	inserted 319564 lines.
INFO:root:	inserted 227845 lines.
INFO:root:	inserted 368582 lines.
INFO:root:	inserted 198138 lines.
INFO:root:	inserted 318072 lines.
INFO:root:	inserted 368015 lines.
INFO:root:	inserted 203700 lines.
INFO:root:	inserted 256544 lines.
INFO:root:	inserted 199030 lines.
INFO:root:	inserted 299526 lines.
INFO:root:	inserted 305367 lines.
INFO:root:	inserted 289932 lines.
INFO:root:	inserted 253838 lines.
INFO:root:	inserted 206006 lines.
INFO:root:	inserted 265624 lines.
INFO:root:	inserted 192612 lines.
INFO:root:	inserted 220581 lines.
INFO:root:	inserted 187354 lines.
INFO:root:	inserted 182346 lines.
INFO:root:	inserted 202029 lines.
INFO:root:	inserted 229167 lines.
INFO:root:	inserted 219514 lines.
INFO:root:	inserted 232736 lines.
INFO:root:	inserted 295544 lines.
INFO:root:	inserted 304471 lines.
INFO:root:	inserted 219487 lines.
INFO:root:	inserted 223555 lines.
INFO:root:	inserted 276051 lines.
INFO:root:##### insert 2014-06/is
INFO:root:	inserted 215243 lines.
INFO:root:	inserted 320710 lines.
INFO:root:	inserted 272945 lines.
INFO:root:	inserted 296329 lines.
INFO:root:	inserted 255118 lines.
INFO:root:	inserted 282793 lines.
INFO:root:	inserted 256448 lines.
INFO:root:	inserted 238163 lines.
INFO:root:	inserted 317763 lines.
INFO:root:	inserted 342717 lines.
INFO:root:	inserted 282970 lines.
INFO:root:	inserted 291261 lines.
INFO:root:	inserted 232280 lines.
INFO:root:	inserted 299790 lines.
INFO:root:	inserted 311005 lines.
INFO:root:	inserted 311189 lines.
INFO:root:	inserted 322418 lines.
INFO:root:	inserted 254284 lines.
INFO:root:	inserted 249893 lines.
INFO:root:	inserted 330223 lines.
INFO:root:	inserted 313528 lines.
INFO:root:	inserted 281141 lines.
INFO:root:	inserted 223957 lines.
INFO:root:	inserted 276788 lines.
INFO:root:	inserted 346769 lines.
INFO:root:	inserted 189729 lines.
INFO:root:	inserted 285527 lines.
INFO:root:	inserted 278783 lines.
INFO:root:	inserted 269825 lines.
INFO:root:	inserted 241384 lines.
INFO:root:##### insert 2014-07/is
INFO:root:	inserted 450084 lines.
INFO:root:	inserted 396909 lines.
INFO:root:	inserted 403888 lines.
INFO:root:	inserted 292967 lines.
INFO:root:	inserted 400385 lines.
INFO:root:	inserted 102370 lines.
INFO:root:	inserted 377264 lines.
INFO:root:	inserted 393626 lines.
INFO:root:	inserted 400933 lines.
INFO:root:	inserted 459109 lines.
INFO:root:	inserted 438839 lines.
INFO:root:	inserted 396180 lines.
INFO:root:	inserted 110769 lines.
INFO:root:	inserted 234288 lines.
INFO:root:	inserted 363509 lines.
INFO:root:	inserted 409388 lines.
INFO:root:	inserted 255024 lines.
INFO:root:	inserted 422961 lines.
INFO:root:	inserted 105294 lines.
INFO:root:	inserted 423999 lines.
INFO:root:	inserted 187514 lines.
INFO:root:	inserted 377969 lines.
INFO:root:	inserted 247621 lines.
INFO:root:	inserted 132067 lines.
INFO:root:	inserted 296811 lines.
INFO:root:	inserted 177448 lines.
INFO:root:	inserted 202170 lines.
INFO:root:	inserted 391165 lines.
INFO:root:	inserted 437131 lines.
INFO:root:	inserted 386690 lines.
INFO:root:	inserted 302419 lines.
INFO:root:##### insert 2014-08/is
INFO:root:	inserted 418234 lines.
INFO:root:	inserted 402054 lines.
INFO:root:	inserted 370831 lines.
INFO:root:	inserted 406289 lines.
INFO:root:	inserted 450756 lines.
INFO:root:	inserted 436068 lines.
INFO:root:	inserted 374003 lines.
INFO:root:	inserted 500984 lines.
INFO:root:	inserted 378477 lines.
INFO:root:	inserted 414184 lines.
INFO:root:	inserted 476312 lines.
INFO:root:	inserted 456698 lines.
INFO:root:	inserted 389695 lines.
INFO:root:	inserted 428396 lines.
INFO:root:	inserted 434330 lines.
INFO:root:	inserted 466706 lines.
INFO:root:	inserted 448696 lines.
INFO:root:	inserted 410526 lines.
INFO:root:	inserted 398204 lines.
INFO:root:	inserted 446388 lines.
INFO:root:	inserted 460081 lines.
INFO:root:	inserted 414149 lines.
INFO:root:	inserted 428721 lines.
INFO:root:	inserted 387727 lines.
INFO:root:	inserted 458684 lines.
INFO:root:	inserted 455405 lines.
INFO:root:	inserted 415850 lines.
INFO:root:	inserted 433726 lines.
INFO:root:	inserted 406505 lines.
INFO:root:	inserted 464491 lines.
INFO:root:	inserted 472248 lines.
INFO:root:##### insert 2014-09/is
INFO:root:	inserted 349494 lines.
INFO:root:	inserted 332300 lines.
INFO:root:	inserted 356729 lines.
INFO:root:	inserted 366785 lines.
INFO:root:	inserted 421114 lines.
INFO:root:	inserted 385094 lines.
INFO:root:	inserted 318298 lines.
INFO:root:	inserted 345856 lines.
INFO:root:	inserted 364172 lines.
INFO:root:	inserted 410993 lines.
INFO:root:	inserted 348209 lines.
INFO:root:	inserted 342945 lines.
INFO:root:	inserted 325064 lines.
INFO:root:	inserted 402498 lines.
INFO:root:	inserted 357072 lines.
INFO:root:	inserted 314170 lines.
INFO:root:	inserted 314964 lines.
INFO:root:	inserted 372284 lines.
INFO:root:	inserted 290720 lines.
INFO:root:	inserted 350986 lines.
INFO:root:	inserted 372139 lines.
INFO:root:	inserted 311625 lines.
INFO:root:	inserted 375786 lines.
INFO:root:	inserted 322464 lines.
INFO:root:	inserted 354829 lines.
INFO:root:	inserted 420214 lines.
INFO:root:	inserted 366840 lines.
INFO:root:	inserted 343216 lines.
INFO:root:	inserted 367081 lines.
INFO:root:	inserted 426364 lines.
INFO:root:##### insert 2014-10/is
INFO:root:	inserted 350666 lines.
INFO:root:	inserted 270179 lines.
INFO:root:	inserted 276885 lines.
INFO:root:	inserted 296413 lines.
INFO:root:	inserted 309532 lines.
INFO:root:	inserted 299909 lines.
INFO:root:	inserted 316115 lines.
INFO:root:	inserted 283495 lines.
INFO:root:	inserted 330551 lines.
INFO:root:	inserted 312844 lines.
INFO:root:	inserted 273384 lines.
INFO:root:	inserted 346656 lines.
INFO:root:	inserted 276427 lines.
INFO:root:	inserted 339065 lines.
INFO:root:	inserted 279032 lines.
INFO:root:	inserted 304252 lines.
INFO:root:	inserted 315579 lines.
INFO:root:	inserted 430759 lines.
INFO:root:	inserted 344268 lines.
INFO:root:	inserted 269582 lines.
INFO:root:	inserted 355481 lines.
INFO:root:	inserted 392728 lines.
INFO:root:	inserted 295786 lines.
INFO:root:	inserted 304950 lines.
INFO:root:	inserted 406841 lines.
INFO:root:	inserted 284824 lines.
INFO:root:	inserted 307442 lines.
INFO:root:	inserted 396341 lines.
INFO:root:	inserted 280056 lines.
INFO:root:	inserted 290595 lines.
INFO:root:	inserted 378397 lines.
INFO:root:##### insert 2014-11/is
INFO:root:	inserted 330969 lines.
INFO:root:	inserted 326075 lines.
INFO:root:	inserted 264274 lines.
INFO:root:	inserted 275003 lines.
INFO:root:	inserted 347325 lines.
INFO:root:	inserted 335686 lines.
INFO:root:	inserted 281757 lines.
INFO:root:	inserted 265287 lines.
INFO:root:	inserted 366170 lines.
INFO:root:	inserted 254920 lines.
INFO:root:	inserted 257629 lines.
INFO:root:	inserted 268793 lines.
INFO:root:	inserted 282291 lines.
INFO:root:	inserted 274639 lines.
INFO:root:	inserted 316935 lines.
INFO:root:	inserted 355012 lines.
INFO:root:	inserted 338052 lines.
INFO:root:	inserted 284147 lines.
INFO:root:	inserted 296359 lines.
INFO:root:	inserted 319507 lines.
INFO:root:	inserted 277424 lines.
INFO:root:	inserted 340812 lines.
INFO:root:	inserted 274904 lines.
INFO:root:	inserted 295283 lines.
INFO:root:	inserted 261019 lines.
INFO:root:	inserted 379202 lines.
INFO:root:	inserted 288019 lines.
INFO:root:	inserted 271162 lines.
INFO:root:	inserted 355100 lines.
INFO:root:	inserted 316703 lines.
INFO:root:##### insert 2014-12/is
INFO:root:	inserted 302025 lines.
INFO:root:	inserted 605556 lines.
INFO:root:	inserted 407091 lines.
INFO:root:	inserted 312344 lines.
INFO:root:	inserted 368276 lines.
INFO:root:	inserted 314630 lines.
INFO:root:	inserted 312196 lines.
INFO:root:	inserted 338328 lines.
INFO:root:	inserted 465805 lines.
INFO:root:	inserted 411516 lines.
WARNING:root:Expecting ',' delimiter: line 1 column 578 (char 577)
WARNING:root:{"retweeted": false, "source": "<a href=\"http://twitter.com/download/iphone\" rel=\"nofollow\">Twitter for iPhone</a>", "favorited": false, "coordinates": {"coordinates": [136.223194, 35.226654], "type": "Point"}, "place": {"country": "日本", "place_type": "city", "country_code": "JP", "name": "彦根市", "full_name": "彦根市, 滋賀県", "url": "https://api.twitter.com/1.1/geo/id/decadb73e723bb83.json", "id": "decadb73e723bb83", "attributes": {}, "bounding_box": {"coordinates": [[[136.115770997529, 35.1866610003461], [136.115770997529, 35.2970380000419], [136.354039994032, 35.29703800
INFO:root:	inserted 350832 lines.
INFO:root:	inserted 329743 lines.
INFO:root:	inserted 423640 lines.
INFO:root:	inserted 319493 lines.
INFO:root:	inserted 413790 lines.
INFO:root:	inserted 441866 lines.
INFO:root:	inserted 399845 lines.
INFO:root:	inserted 392305 lines.
INFO:root:	inserted 320832 lines.
INFO:root:	inserted 417007 lines.
INFO:root:	inserted 394988 lines.
INFO:root:	inserted 323356 lines.
INFO:root:	inserted 443533 lines.
INFO:root:	inserted 425099 lines.
INFO:root:	inserted 345556 lines.
INFO:root:	inserted 380628 lines.
INFO:root:	inserted 331952 lines.
INFO:root:	inserted 310575 lines.
INFO:root:	inserted 376368 lines.
INFO:root:	inserted 335960 lines.
INFO:root:	inserted 361674 lines.
INFO:root:##### insert 2014-01/tk
INFO:root:	inserted 297772 lines.
INFO:root:	inserted 327728 lines.
INFO:root:	inserted 474378 lines.
INFO:root:	inserted 316505 lines.
INFO:root:	inserted 364090 lines.
INFO:root:	inserted 284254 lines.
INFO:root:	inserted 299468 lines.
INFO:root:	inserted 356812 lines.
INFO:root:	inserted 359719 lines.
INFO:root:	inserted 359075 lines.
INFO:root:	inserted 327272 lines.
INFO:root:	inserted 283617 lines.
INFO:root:	inserted 293534 lines.
INFO:root:	inserted 294891 lines.
INFO:root:	inserted 296893 lines.
INFO:root:	inserted 295348 lines.
INFO:root:	inserted 328638 lines.
INFO:root:	inserted 294794 lines.
INFO:root:	inserted 298928 lines.
INFO:root:	inserted 350632 lines.
INFO:root:	inserted 310098 lines.
INFO:root:	inserted 296476 lines.
INFO:root:	inserted 298336 lines.
INFO:root:	inserted 352896 lines.
INFO:root:	inserted 333016 lines.
INFO:root:	inserted 289448 lines.
INFO:root:	inserted 302091 lines.
INFO:root:	inserted 351160 lines.
INFO:root:	inserted 290722 lines.
INFO:root:	inserted 310306 lines.
INFO:root:	inserted 352375 lines.
INFO:root:##### insert 2014-02/tk
INFO:root:	inserted 291649 lines.
INFO:root:	inserted 297594 lines.
INFO:root:	inserted 308116 lines.
INFO:root:	inserted 308851 lines.
INFO:root:	inserted 308029 lines.
INFO:root:	inserted 334097 lines.
INFO:root:	inserted 296358 lines.
INFO:root:	inserted 318183 lines.
INFO:root:	inserted 324995 lines.
INFO:root:	inserted 396960 lines.
INFO:root:	inserted 303748 lines.
INFO:root:	inserted 330833 lines.
INFO:root:	inserted 387294 lines.
INFO:root:	inserted 402580 lines.
INFO:root:	inserted 345408 lines.
INFO:root:	inserted 297487 lines.
INFO:root:	inserted 329107 lines.
INFO:root:	inserted 378103 lines.
INFO:root:	inserted 354092 lines.
INFO:root:	inserted 298386 lines.
INFO:root:	inserted 329363 lines.
INFO:root:	inserted 349678 lines.
INFO:root:	inserted 297615 lines.
INFO:root:	inserted 299527 lines.
INFO:root:	inserted 329778 lines.
INFO:root:	inserted 303822 lines.
INFO:root:	inserted 317668 lines.
INFO:root:	inserted 360160 lines.
INFO:root:##### insert 2014-03/tk
INFO:root:	inserted 400240 lines.
INFO:root:	inserted 373398 lines.
INFO:root:	inserted 349069 lines.
INFO:root:	inserted 364288 lines.
INFO:root:	inserted 344388 lines.
INFO:root:	inserted 417078 lines.
INFO:root:	inserted 358042 lines.
INFO:root:	inserted 377617 lines.
INFO:root:	inserted 314331 lines.
INFO:root:	inserted 344507 lines.
INFO:root:	inserted 345880 lines.
INFO:root:	inserted 337306 lines.
INFO:root:	inserted 370818 lines.
INFO:root:	inserted 331706 lines.
INFO:root:	inserted 338986 lines.
INFO:root:	inserted 417123 lines.
INFO:root:	inserted 354685 lines.
INFO:root:	inserted 243467 lines.
INFO:root:	inserted 333468 lines.
INFO:root:	inserted 380076 lines.
INFO:root:	inserted 319546 lines.
WARNING:root:Unterminated string starting at: line 1 column 12 (char 11)
WARNING:root:{"source": "<a href=\"http:
INFO:root:	inserted 271380 lines.
INFO:root:	inserted 325170 lines.
INFO:root:	inserted 366967 lines.
INFO:root:	inserted 346875 lines.
INFO:root:	inserted 311975 lines.
INFO:root:	inserted 413169 lines.
INFO:root:	inserted 391386 lines.
INFO:root:	inserted 55791 lines.
INFO:root:	inserted 394663 lines.
INFO:root:	inserted 370241 lines.
INFO:root:##### insert 2014-04/tk
INFO:root:	inserted 363698 lines.
INFO:root:	inserted 402821 lines.
INFO:root:	inserted 229784 lines.
INFO:root:	inserted 383626 lines.
INFO:root:	inserted 196668 lines.
INFO:root:	inserted 294479 lines.
INFO:root:	inserted 348797 lines.
INFO:root:	inserted 266011 lines.
INFO:root:	inserted 291279 lines.
INFO:root:	inserted 243716 lines.
INFO:root:	inserted 271997 lines.
INFO:root:	inserted 399770 lines.
INFO:root:	inserted 369360 lines.
INFO:root:	inserted 31840 lines.
INFO:root:	inserted 322400 lines.
INFO:root:	inserted 254736 lines.
INFO:root:	inserted 278520 lines.
INFO:root:	inserted 272253 lines.
INFO:root:	inserted 339797 lines.
INFO:root:	inserted 324325 lines.
INFO:root:	inserted 239276 lines.
INFO:root:	inserted 365351 lines.
INFO:root:	inserted 320887 lines.
INFO:root:	inserted 261166 lines.
INFO:root:	inserted 282260 lines.
INFO:root:	inserted 182753 lines.
INFO:root:	inserted 359424 lines.
INFO:root:	inserted 98164 lines.
INFO:root:	inserted 372634 lines.
INFO:root:	inserted 426886 lines.
INFO:root:##### insert 2014-05/tk
INFO:root:	inserted 167673 lines.
INFO:root:	inserted 249794 lines.
INFO:root:	inserted 363263 lines.
INFO:root:	inserted 319564 lines.
INFO:root:	inserted 227845 lines.
INFO:root:	inserted 368582 lines.
INFO:root:	inserted 198138 lines.
INFO:root:	inserted 318072 lines.
INFO:root:	inserted 368015 lines.
INFO:root:	inserted 203700 lines.
INFO:root:	inserted 256544 lines.
INFO:root:	inserted 199030 lines.
INFO:root:	inserted 299526 lines.
INFO:root:	inserted 305367 lines.
INFO:root:	inserted 289932 lines.
INFO:root:	inserted 253838 lines.
INFO:root:	inserted 206006 lines.
INFO:root:	inserted 265624 lines.
INFO:root:	inserted 192612 lines.
INFO:root:	inserted 220581 lines.
INFO:root:	inserted 187354 lines.
INFO:root:	inserted 182346 lines.
INFO:root:	inserted 202029 lines.
INFO:root:	inserted 229167 lines.
INFO:root:	inserted 219514 lines.
INFO:root:	inserted 232736 lines.
INFO:root:	inserted 295544 lines.
INFO:root:	inserted 304471 lines.
INFO:root:	inserted 219487 lines.
INFO:root:	inserted 223555 lines.
INFO:root:	inserted 276051 lines.
INFO:root:##### insert 2014-06/tk
INFO:root:	inserted 215243 lines.
INFO:root:	inserted 320710 lines.
INFO:root:	inserted 272945 lines.
INFO:root:	inserted 296329 lines.
INFO:root:	inserted 255118 lines.
INFO:root:	inserted 282793 lines.
INFO:root:	inserted 256448 lines.
INFO:root:	inserted 238163 lines.
INFO:root:	inserted 317763 lines.
INFO:root:	inserted 342717 lines.
INFO:root:	inserted 282970 lines.
INFO:root:	inserted 291261 lines.
INFO:root:	inserted 232280 lines.
INFO:root:	inserted 299790 lines.
INFO:root:	inserted 311005 lines.
INFO:root:	inserted 311189 lines.
INFO:root:	inserted 322418 lines.
INFO:root:	inserted 254284 lines.
INFO:root:	inserted 249893 lines.
INFO:root:	inserted 330223 lines.
INFO:root:	inserted 313528 lines.
INFO:root:	inserted 281141 lines.
INFO:root:	inserted 223957 lines.
INFO:root:	inserted 276788 lines.
INFO:root:	inserted 346769 lines.
INFO:root:	inserted 189729 lines.
INFO:root:	inserted 285527 lines.
INFO:root:	inserted 278783 lines.
INFO:root:	inserted 269825 lines.
INFO:root:	inserted 241384 lines.
INFO:root:##### insert 2014-07/tk
INFO:root:	inserted 450084 lines.
INFO:root:	inserted 396909 lines.
INFO:root:	inserted 403888 lines.
INFO:root:	inserted 292967 lines.
INFO:root:	inserted 400385 lines.
INFO:root:	inserted 102370 lines.
INFO:root:	inserted 377264 lines.
INFO:root:	inserted 393626 lines.
INFO:root:	inserted 400933 lines.
INFO:root:	inserted 459109 lines.
INFO:root:	inserted 438839 lines.
INFO:root:	inserted 396180 lines.
INFO:root:	inserted 110769 lines.
INFO:root:	inserted 234288 lines.
INFO:root:	inserted 363509 lines.
INFO:root:	inserted 409388 lines.
INFO:root:	inserted 255024 lines.
INFO:root:	inserted 422961 lines.
INFO:root:	inserted 105294 lines.
INFO:root:	inserted 423999 lines.
INFO:root:	inserted 187514 lines.
INFO:root:	inserted 377969 lines.
INFO:root:	inserted 247621 lines.
INFO:root:	inserted 132067 lines.
INFO:root:	inserted 296811 lines.
INFO:root:	inserted 177448 lines.
INFO:root:	inserted 202170 lines.
INFO:root:	inserted 391165 lines.
INFO:root:	inserted 437131 lines.
INFO:root:	inserted 386690 lines.
INFO:root:	inserted 302419 lines.
INFO:root:##### insert 2014-08/tk
INFO:root:	inserted 418234 lines.
INFO:root:	inserted 402054 lines.
INFO:root:	inserted 370831 lines.
INFO:root:	inserted 406289 lines.
INFO:root:	inserted 450756 lines.
INFO:root:	inserted 436068 lines.
INFO:root:	inserted 374003 lines.
INFO:root:	inserted 500984 lines.
INFO:root:	inserted 378477 lines.
INFO:root:	inserted 414184 lines.
INFO:root:	inserted 476312 lines.
INFO:root:	inserted 456698 lines.
INFO:root:	inserted 389695 lines.
INFO:root:	inserted 428396 lines.
INFO:root:	inserted 434330 lines.
INFO:root:	inserted 466706 lines.
INFO:root:	inserted 448696 lines.
INFO:root:	inserted 410526 lines.
INFO:root:	inserted 398204 lines.
INFO:root:	inserted 446388 lines.
INFO:root:	inserted 460081 lines.
INFO:root:	inserted 414149 lines.
